<?xml version="1.0" encoding="UTF-8"?>
<testng-results ignored="0" total="1" passed="1" failed="0" skipped="0">
  <reporter-output>
  </reporter-output>
  <suite started-at="2024-02-28T12:18:52 CET" name="Default suite" finished-at="2024-02-28T12:19:17 CET" duration-ms="24320">
    <groups>
    </groups>
    <test started-at="2024-02-28T12:18:52 CET" name="Default test" finished-at="2024-02-28T12:19:17 CET" duration-ms="24320">
      <class name="uk.co.automationtesting.OrderCompleteTest">
        <test-method is-config="true" signature="setup()[pri:0, instance:uk.co.automationtesting.OrderCompleteTest@10e41621]" started-at="2024-02-28T12:18:52 CET" name="setup" finished-at="2024-02-28T12:18:55 CET" duration-ms="2753" status="PASS">
          <reporter-output>
          </reporter-output>
        </test-method> <!-- setup -->
        <test-method signature="endToEndTest()[pri:0, instance:uk.co.automationtesting.OrderCompleteTest@10e41621]" started-at="2024-02-28T12:18:55 CET" name="endToEndTest" finished-at="2024-02-28T12:19:16 CET" duration-ms="21354" status="PASS">
          <reporter-output>
          </reporter-output>
        </test-method> <!-- endToEndTest -->
        <test-method is-config="true" signature="tearDown()[pri:0, instance:uk.co.automationtesting.OrderCompleteTest@10e41621]" started-at="2024-02-28T12:19:16 CET" name="tearDown" finished-at="2024-02-28T12:19:17 CET" duration-ms="181" status="PASS">
          <reporter-output>
          </reporter-output>
        </test-method> <!-- tearDown -->
      </class> <!-- uk.co.automationtesting.OrderCompleteTest -->
    </test> <!-- Default test -->
  </suite> <!-- Default suite -->
</testng-results>
